#
# An unexpected error has been detected by Java Runtime Environment:
#
#  SIGSEGV (0xb) at pc=0x00000000, pid=8005, tid=3026402192
#
# Java VM: Java HotSpot(TM) Client VM (1.6.0_03-b05 mixed mode, sharing)
# Problematic frame:
# C  0x00000000
#
# If you would like to submit a bug report, please visit:
#   http://java.sun.com/webapps/bugreport/crash.jsp
#

---------------  T H R E A D  ---------------

Current thread is native thread

siginfo:si_signo=11, si_errno=0, si_code=1, si_addr=0x00000000

Registers:
EAX=0x00000000, EBX=0x084daf20, ECX=0xb7ec2160, EDX=0xffffffb4
ESP=0xb46332c0, EBP=0x082ffe18, ESI=0xb4710080, EDI=0x08555118
EIP=0x00000000, CR2=0x00000000, EFLAGS=0x00210202

Top of Stack: (sp=0xb46332c0)
0xb46332c0:   b496366f b4710080 084daf20 082ddd18
0xb46332d0:   b4c14a75 b4710080 084daf20 08067b08
0xb46332e0:   000000c6 b48b5b06 082ddd18 00000000
0xb46332f0:   08555118 08534040 08534040 b4c1491d
0xb4633300:   08555118 085550d8 08534040 b4c9dd34
0xb4633310:   08534040 08534040 08534040 08534040
0xb4633320:   b4b7974a 08534040 08534040 08301b50
0xb4633330:   082fb7f0 082ffe18 b5197b20 08534040 

Instructions: (pc=0x00000000)
0xfffffff0:   

Stack: [0xb45e3000,0xb4634000),  sp=0xb46332c0,  free space=320k

---------------  P R O C E S S  ---------------

Java Threads: ( => current thread )
  0x084c3000 JavaThread "AWT-EventQueue-0" [_thread_new_trans, id=8022]
  0x08058c00 JavaThread "DestroyJavaVM" [_thread_blocked, id=8010]
  0x08324800 JavaThread "AWT-Shutdown" [_thread_blocked, id=8020]
  0x08311400 JavaThread "AWT-XAWT" daemon [_thread_in_native, id=8019]
  0x082c5c00 JavaThread "Java2D Disposer" daemon [_thread_blocked, id=8018]
  0x0808dc00 JavaThread "Low Memory Detector" daemon [_thread_blocked, id=8016]
  0x0808c400 JavaThread "CompilerThread0" daemon [_thread_blocked, id=8015]
  0x0808ac00 JavaThread "Signal Dispatcher" daemon [_thread_blocked, id=8014]
  0x08082000 JavaThread "Finalizer" daemon [_thread_blocked, id=8013]
  0x08080c00 JavaThread "Reference Handler" daemon [_thread_blocked, id=8012]

Other Threads:
  0x0807f400 VMThread [id=8011]
  0x0808f400 WatcherThread [id=8017]

VM state:not at safepoint (normal execution)

VM Mutex/Monitor currently owned by a thread: None

Heap
 def new generation   total 960K, used 90K [0x8bff0000, 0x8c0f0000, 0x8c4d0000)
  eden space 896K,   2% used [0x8bff0000, 0x8bff6998, 0x8c0d0000)
  from space 64K, 100% used [0x8c0e0000, 0x8c0f0000, 0x8c0f0000)
  to   space 64K,   0% used [0x8c0d0000, 0x8c0d0000, 0x8c0e0000)
 tenured generation   total 4096K, used 1403K [0x8c4d0000, 0x8c8d0000, 0x8fff0000)
   the space 4096K,  34% used [0x8c4d0000, 0x8c62ee38, 0x8c62f000, 0x8c8d0000)
 compacting perm gen  total 12288K, used 3163K [0x8fff0000, 0x90bf0000, 0x93ff0000)
   the space 12288K,  25% used [0x8fff0000, 0x90306c58, 0x90306e00, 0x90bf0000)
    ro space 8192K,  73% used [0x93ff0000, 0x945d2560, 0x945d2600, 0x947f0000)
    rw space 12288K,  58% used [0x947f0000, 0x94ee7448, 0x94ee7600, 0x953f0000)

Dynamic libraries:
06000000-06417000 r-xp 00000000 08:14 68889      /usr/lib/jvm/java-6-sun-1.6.0.03/jre/lib/i386/client/libjvm.so
06417000-06430000 rwxp 00417000 08:14 68889      /usr/lib/jvm/java-6-sun-1.6.0.03/jre/lib/i386/client/libjvm.so
06430000-0684f000 rwxp 06430000 00:00 0 
08048000-08052000 r-xp 00000000 08:14 68863      /usr/lib/jvm/java-6-sun-1.6.0.03/jre/bin/java
08052000-08053000 rwxp 00009000 08:14 68863      /usr/lib/jvm/java-6-sun-1.6.0.03/jre/bin/java
08053000-0860d000 rwxp 08053000 00:00 0          [heap]
8bff0000-8c0f0000 rwxp 8bff0000 00:00 0 
8c0f0000-8c4d0000 rwxp 8c0f0000 00:00 0 
8c4d0000-8c8d0000 rwxp 8c4d0000 00:00 0 
8c8d0000-8fff0000 rwxp 8c8d0000 00:00 0 
8fff0000-90bf0000 rwxp 8fff0000 00:00 0 
90bf0000-93ff0000 rwxp 90bf0000 00:00 0 
93ff0000-945d3000 r-xs 00001000 08:14 121468     /usr/lib/jvm/java-6-sun-1.6.0.03/jre/lib/i386/client/classes.jsa
945d3000-947f0000 rwxp 945d3000 00:00 0 
947f0000-94ee8000 rwxp 005e4000 08:14 121468     /usr/lib/jvm/java-6-sun-1.6.0.03/jre/lib/i386/client/classes.jsa
94ee8000-953f0000 rwxp 94ee8000 00:00 0 
953f0000-954c9000 rwxp 00cdc000 08:14 121468     /usr/lib/jvm/java-6-sun-1.6.0.03/jre/lib/i386/client/classes.jsa
954c9000-957f0000 rwxp 954c9000 00:00 0 
957f0000-957f4000 r-xs 00db5000 08:14 121468     /usr/lib/jvm/java-6-sun-1.6.0.03/jre/lib/i386/client/classes.jsa
957f4000-95bf0000 rwxp 957f4000 00:00 0 
b3d8c000-b3d8f000 ---p b3d8c000 00:00 0 
b3d8f000-b3ddd000 rwxp b3d8f000 00:00 0 
b3ddd000-b3dde000 rwxs 00000000 00:09 5472307    /SYSV00000000 (deleted)
b3dde000-b3ddf000 rwxs 00000000 00:09 5439538    /SYSV00000000 (deleted)
b3ddf000-b3de0000 rwxs 00000000 00:09 3047471    /SYSV00000000 (deleted)
b3de0000-b3e21000 rwxs bff7b000 00:0e 17756      /dev/nvidia0
b3e21000-b3f21000 rwxs d0398000 00:0e 17756      /dev/nvidia0
b3f21000-b3f22000 rwxs 1274d000 00:0e 17756      /dev/nvidia0
b3f22000-b3f23000 rwxs bffbb000 00:0e 17756      /dev/nvidia0
b3f23000-b3f27000 rwxs 22a42000 00:0e 17756      /dev/nvidia0
b3f27000-b4069000 rwxs d0255000 00:0e 17756      /dev/nvidia0
b4069000-b406a000 rwxs 00000000 00:09 5406769    /SYSV00000000 (deleted)
b406a000-b40c5000 rwxp 00000000 00:0e 2598       /dev/zero
b40c5000-b45c5000 rwxs b0000000 00:0e 17756      /dev/nvidia0
b45c5000-b45e3000 rwxs 00000000 00:09 0          /SYSV00000000 (deleted)
b45e3000-b45e6000 rwxp b45e3000 00:00 0 
b45e6000-b4634000 rwxp b45e6000 00:00 0 
b4634000-b470f000 r-xp 00000000 08:13 393130     /home/dvanhumb/Downloads/java/jogl/jogl-1.1.1-linux-i586/lib/libjogl.so
b470f000-b4710000 rwxp 000da000 08:13 393130     /home/dvanhumb/Downloads/java/jogl/jogl-1.1.1-linux-i586/lib/libjogl.so
b4710000-b476b000 rwxp b4710000 00:00 0 
b476b000-b50c7000 r-xp 00000000 08:14 151218     /usr/lib/libGLcore.so.100.14.19
b50c7000-b50ff000 rwxp 0095c000 08:14 151218     /usr/lib/libGLcore.so.100.14.19
b50ff000-b5103000 rwxp b50ff000 00:00 0 
b5103000-b517d000 r-xp 00000000 08:14 151217     /usr/lib/libGL.so.100.14.19
b517d000-b5198000 rwxp 00079000 08:14 151217     /usr/lib/libGL.so.100.14.19
b5198000-b5199000 rwxp b5198000 00:00 0 
b5199000-b519f000 r-xs 00000000 08:14 13102      /var/cache/fontconfig/945677eb7aeaf62f1d50efc3fb3ec7d8-x86.cache-2
b519f000-b51a2000 r-xs 00000000 08:14 13100      /var/cache/fontconfig/e383d7ea5fbe662a33d9b44caf393297-x86.cache-2
b51a2000-b51a6000 r-xs 00000000 08:14 13098      /var/cache/fontconfig/921a30a17f0be15c70ac14043cb7a739-x86.cache-2
b51a6000-b51a7000 r-xs 00000000 08:14 13097      /var/cache/fontconfig/c69f04ab05004e31a6d5e715764f16d8-x86.cache-2
b51a7000-b51aa000 r-xs 00000000 08:14 13096      /var/cache/fontconfig/926e794c3d5e5dffcaf2fa83ef8d36c2-x86.cache-2
b51aa000-b51ab000 r-xs 00000000 08:14 13091      /var/cache/fontconfig/4c73fe0c47614734b17d736dbde7580a-x86.cache-2
b51ab000-b51ae000 r-xs 00000000 08:14 13090      /var/cache/fontconfig/a755afe4a08bf5b97852ceb7400b47bc-x86.cache-2
b51ae000-b51af000 r-xs 00000000 08:14 13080      /var/cache/fontconfig/75a2cd575a62c63e802c11411fb87c37-x86.cache-2
b51af000-b51b5000 r-xs 00000000 08:14 13073      /var/cache/fontconfig/6d41288fd70b0be22e8c3a91e032eec0-x86.cache-2
b51b5000-b51b7000 r-xs 00000000 08:14 13063      /var/cache/fontconfig/de156ccd2eddbdc19d37a45b8b2aac9c-x86.cache-2
b51b7000-b51bf000 r-xs 00000000 08:14 13062      /var/cache/fontconfig/e3de0de479f42330eadf588a55fb5bf4-x86.cache-2
b51bf000-b51c5000 r-xs 00000000 08:14 13061      /var/cache/fontconfig/0f34bcd4b6ee430af32735b75db7f02b-x86.cache-2
b51c5000-b51c6000 r-xs 00000000 08:14 13060      /var/cache/fontconfig/4794a0821666d79190d59a36cb4f44b5-x86.cache-2
b51c6000-b51dd000 r-xs 00000000 08:14 13048      /var/cache/fontconfig/365b55f210c0a22e9a19e35191240f32-x86.cache-2
b51dd000-b51df000 r-xs 00000000 08:14 13046      /var/cache/fontconfig/de9486f0b47a4d768a594cb4198cb1c6-x86.cache-2
b51df000-b51e5000 r-xs 00000000 08:14 13013      /var/cache/fontconfig/d52a8644073d54c13679302ca1180695-x86.cache-2
b51e5000-b51e9000 r-xs 00000000 08:14 13010      /var/cache/fontconfig/089dead882dea3570ffc31a9898cfb69-x86.cache-2
b51e9000-b51f0000 r-xs 00000000 08:14 12914      /var/cache/fontconfig/e13b20fdb08344e0e664864cc2ede53d-x86.cache-2
b51f0000-b51f1000 r-xs 00000000 08:14 13148      /var/cache/fontconfig/fcff1cd55d48a2c86a175e9943c3506d-x86.cache-2
b51f1000-b51f2000 r-xs 00000000 08:14 13147      /var/cache/fontconfig/e9e44584608a73233979f764b5f9dd81-x86.cache-2
b51f2000-b51f3000 r-xs 00000000 08:14 13146      /var/cache/fontconfig/bf1f9632594a1fa28e2cf4d7888deffe-x86.cache-2
b51f3000-b51f6000 r-xs 00000000 08:14 13145      /var/cache/fontconfig/b8613a33de00eecd32d5a94c3c617829-x86.cache-2
b51f6000-b51f9000 r-xs 00000000 08:14 13144      /var/cache/fontconfig/b21a91cee725896328b8cee8091cf747-x86.cache-2
b51f9000-b5200000 r-xs 00000000 08:14 45115      /var/cache/fontconfig/fd9416c4b92f07c6f59a3a8cf496e9dc-x86.cache-2
b5200000-b5202000 r-xs 00000000 08:14 13142      /var/cache/fontconfig/059138ec877db160474b4d5de1248d14-x86.cache-2
b5202000-b5203000 r-xs 00000000 08:14 13141      /var/cache/fontconfig/f5a93ac943883aa0fd9a7bfe0f6ec3c1-x86.cache-2
b5203000-b5204000 r-xs 00000000 08:14 13140      /var/cache/fontconfig/118d8d5311348bbdf5fe3b106d7c13d4-x86.cache-2
b5204000-b5205000 r-xs 00000000 08:14 13139      /var/cache/fontconfig/a1131b7be650f9abae4907495aa5815d-x86.cache-2
b5205000-b520a000 r-xs 00000000 08:14 13138      /var/cache/fontconfig/8ab5f685cd6d8ba67c37c908faf08172-x86.cache-2
b520a000-b520f000 r-xs 00000000 08:14 13137      /var/cache/fontconfig/0f32d3adc6a232110812e17374eaa446-x86.cache-2
b520f000-b5214000 r-xs 00000000 08:14 13136      /var/cache/fontconfig/7b4a97c10f6c0166998ddfa1cf7392fb-x86.cache-2
b5214000-b5217000 r-xs 00000000 08:14 13135      /var/cache/fontconfig/61c830dfac3fd78a12654da5e9ba3f56-x86.cache-2
b5217000-b5218000 r-xs 00000000 08:14 13134      /var/cache/fontconfig/e0f9e95429e756d56293ed4d63866094-x86.cache-2
b5218000-b5219000 r-xs 00000000 08:14 13133      /var/cache/fontconfig/892f88ea27b235637f494d515247eddd-x86.cache-2
b5219000-b521d000 r-xs 00000000 08:14 13117      /var/cache/fontconfig/142ecfc435bad6f1fbc2648c1119d5eb-x86.cache-2
b521d000-b5225000 r-xs 00000000 08:14 13108      /var/cache/fontconfig/a960c40fc9306f090224a04585f8a963-x86.cache-2
b5228000-b5229000 rwxs 22a56000 00:0e 17756      /dev/nvidia0
b5229000-b522c000 ---p b5229000 00:00 0 
b522c000-b527a000 rwxp b522c000 00:00 0 
b527a000-b527d000 ---p b527a000 00:00 0 
b527d000-b52cb000 rwxp b527d000 00:00 0 
b52cb000-b52cf000 r-xp 00000000 08:14 7437       /usr/lib/libXfixes.so.3.1.0
b52cf000-b52d0000 rwxp 00003000 08:14 7437       /usr/lib/libXfixes.so.3.1.0
b52d0000-b52d7000 r-xp 00000000 08:14 7457       /usr/lib/libXrender.so.1.3.0
b52d7000-b52d8000 rwxp 00006000 08:14 7457       /usr/lib/libXrender.so.1.3.0
b52d8000-b52e0000 r-xp 00000000 08:14 7427       /usr/lib/libXcursor.so.1.0.2
b52e0000-b52e1000 rwxp 00007000 08:14 7427       /usr/lib/libXcursor.so.1.0.2
b52e1000-b52e2000 rwxs bffbc000 00:0e 17756      /dev/nvidia0
b52e2000-b52e3000 rwxs 22a3f000 00:0e 17756      /dev/nvidia0
b52e3000-b52e4000 rwxs 15e5d000 00:0e 17756      /dev/nvidia0
b52e4000-b52e5000 rwxs cec03000 00:0e 17756      /dev/nvidia0
b52e5000-b52e6000 rwxs ce001000 00:0e 17756      /dev/nvidia0
b52e6000-b52e7000 r-xp 00000000 08:13 393127     /home/dvanhumb/Downloads/java/jogl/jogl-1.1.1-linux-i586/lib/libjogl_awt.so
b52e7000-b52e8000 rwxp 00000000 08:13 393127     /home/dvanhumb/Downloads/java/jogl/jogl-1.1.1-linux-i586/lib/libjogl_awt.so
b52e8000-b52e9000 r-xp 00000000 08:14 68927      /usr/lib/jvm/java-6-sun-1.6.0.03/jre/lib/i386/libjawt.so
b52e9000-b52ea000 rwxp 00000000 08:14 68927      /usr/lib/jvm/java-6-sun-1.6.0.03/jre/lib/i386/libjawt.so
b52ea000-b52ee000 r-xp 00000000 08:14 7471       /usr/lib/libXxf86vm.so.1.0.0
b52ee000-b52ef000 rwxp 00003000 08:14 7471       /usr/lib/libXxf86vm.so.1.0.0
b52ef000-b52f1000 rwxp 00000000 00:0e 2598       /dev/zero
b52f1000-b52f2000 r-xp 00000000 08:14 151211     /usr/lib/tls/libnvidia-tls.so.100.14.19
b52f2000-b52f3000 rwxp 00000000 08:14 151211     /usr/lib/tls/libnvidia-tls.so.100.14.19
b52f3000-b52f4000 r-xp 00000000 08:13 393128     /home/dvanhumb/Downloads/java/jogl/jogl-1.1.1-linux-i586/lib/libgluegen-rt.so
b52f4000-b52f5000 rwxp 00000000 08:13 393128     /home/dvanhumb/Downloads/java/jogl/jogl-1.1.1-linux-i586/lib/libgluegen-rt.so
b52f5000-b52f8000 ---p b52f5000 00:00 0 
b52f8000-b5346000 rwxp b52f8000 00:00 0 
b5346000-b53c4000 r-xp 00000000 08:14 68921      /usr/lib/jvm/java-6-sun-1.6.0.03/jre/lib/i386/libfontmanager.so
b53c4000-b53ce000 rwxp 0007e000 08:14 68921      /usr/lib/jvm/java-6-sun-1.6.0.03/jre/lib/i386/libfontmanager.so
b53ce000-b53d3000 rwxp b53ce000 00:00 0 
b53d3000-b53d7000 r-xp 00000000 08:14 7431       /usr/lib/libXdmcp.so.6.0.0
b53d7000-b53d8000 rwxp 00003000 08:14 7431       /usr/lib/libXdmcp.so.6.0.0
b53d8000-b53da000 r-xp 00000000 08:14 7420       /usr/lib/libXau.so.6.0.0
b53da000-b53db000 rwxp 00001000 08:14 7420       /usr/lib/libXau.so.6.0.0
b53db000-b53e2000 r-xp 00000000 08:14 7443       /usr/lib/libXi.so.6.0.0
b53e2000-b53e3000 rwxp 00006000 08:14 7443       /usr/lib/libXi.so.6.0.0
b53e3000-b53e7000 r-xp 00000000 08:14 7463       /usr/lib/libXtst.so.6.1.0
b53e7000-b53e8000 rwxp 00004000 08:14 7463       /usr/lib/libXtst.so.6.1.0
b53e8000-b54d5000 r-xp 00000000 08:14 7414       /usr/lib/libX11.so.6.2.0
b54d5000-b54d9000 rwxp 000ed000 08:14 7414       /usr/lib/libX11.so.6.2.0
b54d9000-b54e6000 r-xp 00000000 08:14 7435       /usr/lib/libXext.so.6.4.0
b54e6000-b54e7000 rwxp 0000d000 08:14 7435       /usr/lib/libXext.so.6.4.0
b54e7000-b54e8000 r-xs 00000000 08:14 13118      /var/cache/fontconfig/4123634e9c08547d899d0aaff05ebe69-x86.cache-2
b54e8000-b54ee000 r-xs 00000000 08:14 13116      /var/cache/fontconfig/102e5142c2e9e50c5e8ece26694a2dad-x86.cache-2
b54ee000-b54f2000 r-xs 00000000 08:14 13107      /var/cache/fontconfig/9404ff413c67fc2a1526fd14eb4163a8-x86.cache-2
b54f2000-b54f6000 r-xs 00000000 08:14 13106      /var/cache/fontconfig/b3fedf7c409f006ca1a6fceffceb77cf-x86.cache-2
b54f6000-b54fb000 r-xs 00000000 08:14 13105      /var/cache/fontconfig/6330322105e0c4105d7c7a6ea2974107-x86.cache-2
b54fb000-b5539000 r-xp 00000000 08:14 68918      /usr/lib/jvm/java-6-sun-1.6.0.03/jre/lib/i386/xawt/libmawt.so
b5539000-b553b000 rwxp 0003e000 08:14 68918      /usr/lib/jvm/java-6-sun-1.6.0.03/jre/lib/i386/xawt/libmawt.so
b553b000-b553c000 rwxp b553b000 00:00 0 
b553c000-b5602000 r-xp 00000000 08:14 68914      /usr/lib/jvm/java-6-sun-1.6.0.03/jre/lib/i386/libmlib_image.so
b5602000-b5603000 rwxp 000c5000 08:14 68914      /usr/lib/jvm/java-6-sun-1.6.0.03/jre/lib/i386/libmlib_image.so
b5603000-b567e000 r-xp 00000000 08:14 68915      /usr/lib/jvm/java-6-sun-1.6.0.03/jre/lib/i386/libawt.so
b567e000-b5685000 rwxp 0007b000 08:14 68915      /usr/lib/jvm/java-6-sun-1.6.0.03/jre/lib/i386/libawt.so
b5685000-b56a9000 rwxp b5685000 00:00 0 
b56a9000-b56b4000 r-xs 00108000 08:13 393129     /home/dvanhumb/Downloads/java/jogl/jogl-1.1.1-linux-i586/lib/jogl.jar
b56b4000-b56e4000 rwxp b56b4000 00:00 0 
b56e4000-b5860000 r-xs 02c8f000 08:14 69107      /usr/lib/jvm/java-6-sun-1.6.0.03/jre/lib/rt.jar
b5860000-b5861000 ---p b5860000 00:00 0 
b5861000-b58e1000 rwxp b5861000 00:00 0 
b58e1000-b58e4000 ---p b58e1000 00:00 0 
b58e4000-b5932000 rwxp b58e4000 00:00 0 
b5932000-b5935000 ---p b5932000 00:00 0 
b5935000-b59b3000 rwxp b5935000 00:00 0 
b59b3000-b59b6000 ---p b59b3000 00:00 0 
b59b6000-b5a04000 rwxp b59b6000 00:00 0 
b5a04000-b5a0b000 r-xs 00000000 08:14 2216       /usr/lib/gconv/gconv-modules.cache
b5a0b000-b5a4a000 r-xp 00000000 08:14 11106      /usr/lib/locale/en_CA.utf8/LC_CTYPE
b5a4a000-b5a4d000 ---p b5a4a000 00:00 0 
b5a4d000-b5a9b000 rwxp b5a4d000 00:00 0 
b5a9b000-b5a9e000 ---p b5a9b000 00:00 0 
b5a9e000-b5aec000 rwxp b5a9e000 00:00 0 
b5aec000-b5aed000 ---p b5aec000 00:00 0 
b5aed000-b5b80000 rwxp b5aed000 00:00 0 
b5b80000-b5b9a000 rwxp b5b80000 00:00 0 
b5b9a000-b5b9d000 rwxp b5b9a000 00:00 0 
b5b9d000-b5bb8000 rwxp b5b9d000 00:00 0 
b5bb8000-b5bb9000 rwxp b5bb8000 00:00 0 
b5bb9000-b5bba000 rwxp b5bb9000 00:00 0 
b5bba000-b5bbd000 rwxp b5bba000 00:00 0 
b5bbd000-b5bd8000 rwxp b5bbd000 00:00 0 
b5bd8000-b5bde000 rwxp b5bd8000 00:00 0 
b5bde000-b5bf8000 rwxp b5bde000 00:00 0 
b5bf8000-b5c08000 rwxp b5bf8000 00:00 0 
b5c08000-b5c83000 rwxp b5c08000 00:00 0 
b5c83000-b5db3000 rwxp b5c83000 00:00 0 
b5db3000-b7c83000 rwxp b5db3000 00:00 0 
b7c83000-b7c92000 r-xp 00000000 08:14 68900      /usr/lib/jvm/java-6-sun-1.6.0.03/jre/lib/i386/libzip.so
b7c92000-b7c94000 rwxp 0000e000 08:14 68900      /usr/lib/jvm/java-6-sun-1.6.0.03/jre/lib/i386/libzip.so
b7c94000-b7cb7000 r-xp 00000000 08:14 68897      /usr/lib/jvm/java-6-sun-1.6.0.03/jre/lib/i386/libjava.so
b7cb7000-b7cb9000 rwxp 00023000 08:14 68897      /usr/lib/jvm/java-6-sun-1.6.0.03/jre/lib/i386/libjava.so
b7cb9000-b7cc2000 r-xp 00000000 08:14 6194       /lib/tls/i686/cmov/libnss_files-2.6.1.so
b7cc2000-b7cc4000 rwxp 00008000 08:14 6194       /lib/tls/i686/cmov/libnss_files-2.6.1.so
b7cc4000-b7ccc000 r-xp 00000000 08:14 6442       /lib/tls/i686/cmov/libnss_nis-2.6.1.so
b7ccc000-b7cce000 rwxp 00007000 08:14 6442       /lib/tls/i686/cmov/libnss_nis-2.6.1.so
b7cce000-b7ce2000 r-xp 00000000 08:14 5947       /lib/tls/i686/cmov/libnsl-2.6.1.so
b7ce2000-b7ce4000 rwxp 00013000 08:14 5947       /lib/tls/i686/cmov/libnsl-2.6.1.so
b7ce4000-b7ce6000 rwxp b7ce4000 00:00 0 
b7ce6000-b7cf1000 r-xp 00000000 08:14 68896      /usr/lib/jvm/java-6-sun-1.6.0.03/jre/lib/i386/libverify.so
b7cf1000-b7cf2000 rwxp 0000b000 08:14 68896      /usr/lib/jvm/java-6-sun-1.6.0.03/jre/lib/i386/libverify.so
b7cf2000-b7cfa000 rwxs 00000000 08:14 188514     /tmp/hsperfdata_dvanhumb/8005
b7cfa000-b7d01000 r-xp 00000000 08:14 6859       /lib/tls/i686/cmov/librt-2.6.1.so
b7d01000-b7d03000 rwxp 00006000 08:14 6859       /lib/tls/i686/cmov/librt-2.6.1.so
b7d03000-b7d06000 ---p b7d03000 00:00 0 
b7d06000-b7d54000 rwxp b7d06000 00:00 0 
b7d54000-b7d77000 r-xp 00000000 08:14 5721       /lib/tls/i686/cmov/libm-2.6.1.so
b7d77000-b7d79000 rwxp 00023000 08:14 5721       /lib/tls/i686/cmov/libm-2.6.1.so
b7d79000-b7d7b000 rwxp b7d79000 00:00 0 
b7d7b000-b7ebf000 r-xp 00000000 08:14 2262       /lib/tls/i686/cmov/libc-2.6.1.so
b7ebf000-b7ec0000 r-xp 00143000 08:14 2262       /lib/tls/i686/cmov/libc-2.6.1.so
b7ec0000-b7ec2000 rwxp 00144000 08:14 2262       /lib/tls/i686/cmov/libc-2.6.1.so
b7ec2000-b7ec5000 rwxp b7ec2000 00:00 0 
b7ec5000-b7ec7000 r-xp 00000000 08:14 5226       /lib/tls/i686/cmov/libdl-2.6.1.so
b7ec7000-b7ec9000 rwxp 00001000 08:14 5226       /lib/tls/i686/cmov/libdl-2.6.1.so
b7ec9000-b7ed0000 r-xp 00000000 08:14 68899      /usr/lib/jvm/java-6-sun-1.6.0.03/jre/lib/i386/jli/libjli.so
b7ed0000-b7ed2000 rwxp 00006000 08:14 68899      /usr/lib/jvm/java-6-sun-1.6.0.03/jre/lib/i386/jli/libjli.so
b7ed2000-b7ee6000 r-xp 00000000 08:14 6719       /lib/tls/i686/cmov/libpthread-2.6.1.so
b7ee6000-b7ee8000 rwxp 00013000 08:14 6719       /lib/tls/i686/cmov/libpthread-2.6.1.so
b7ee8000-b7eea000 rwxp b7ee8000 00:00 0 
b7eea000-b7eeb000 r-xs 00000000 08:14 13109      /var/cache/fontconfig/92a571655fb1c0ec1c4d6f496220600a-x86.cache-2
b7eeb000-b7eec000 r-xs 00004000 08:13 393126     /home/dvanhumb/Downloads/java/jogl/jogl-1.1.1-linux-i586/lib/gluegen-rt.jar
b7eec000-b7ef3000 r-xp 00000000 08:14 6113       /lib/tls/i686/cmov/libnss_compat-2.6.1.so
b7ef3000-b7ef5000 rwxp 00006000 08:14 6113       /lib/tls/i686/cmov/libnss_compat-2.6.1.so
b7ef5000-b7efb000 r-xp 00000000 08:14 68883      /usr/lib/jvm/java-6-sun-1.6.0.03/jre/lib/i386/native_threads/libhpi.so
b7efb000-b7efc000 rwxp 00006000 08:14 68883      /usr/lib/jvm/java-6-sun-1.6.0.03/jre/lib/i386/native_threads/libhpi.so
b7efc000-b7efd000 rwxp b7efc000 00:00 0 
b7efd000-b7efe000 r-xp b7efd000 00:00 0 
b7efe000-b7f00000 rwxp b7efe000 00:00 0 
b7f00000-b7f1a000 r-xp 00000000 08:14 95395      /lib/ld-2.6.1.so
b7f1a000-b7f1c000 rwxp 00019000 08:14 95395      /lib/ld-2.6.1.so
bf8eb000-bf900000 rwxp bf8eb000 00:00 0          [stack]
ffffe000-fffff000 r-xp 00000000 00:00 0          [vdso]

VM Arguments:
jvm_args: -Djava.library.path=/home/dvanhumb/Downloads/java/jogl/jogl-1.1.1-linux-i586/lib:/home/dvanhumb/Downloads/java/jogl/jogl-1.1.1-linux-i586/lib
java_command: MainWindow
Launcher Type: SUN_STANDARD

Environment Variables:
PATH=/home/dvanhumb/bin:/usr/local/sbin:/usr/local/bin:/usr/sbin:/usr/bin:/sbin:/bin:/usr/games
USERNAME=dvanhumb
LD_LIBRARY_PATH=/usr/lib/jvm/java-6-sun-1.6.0.03/jre/lib/i386/client:/usr/lib/jvm/java-6-sun-1.6.0.03/jre/lib/i386:/usr/lib/jvm/java-6-sun-1.6.0.03/jre/../lib/i386
SHELL=/bin/bash
DISPLAY=:0.0

Signal Handlers:
SIGSEGV: [libjvm.so+0x3b29c0], sa_mask[0]=0x7ffbfeff, sa_flags=0x10000004
SIGBUS: [libjvm.so+0x3b29c0], sa_mask[0]=0x7ffbfeff, sa_flags=0x10000004
SIGFPE: [libjvm.so+0x309ec0], sa_mask[0]=0x7ffbfeff, sa_flags=0x10000004
SIGPIPE: [libjvm.so+0x309ec0], sa_mask[0]=0x7ffbfeff, sa_flags=0x10000004
SIGILL: [libjvm.so+0x309ec0], sa_mask[0]=0x7ffbfeff, sa_flags=0x10000004
SIGUSR1: SIG_DFL, sa_mask[0]=0x00000000, sa_flags=0x00000000
SIGUSR2: [libjvm.so+0x30bef0], sa_mask[0]=0x00000004, sa_flags=0x10000004
SIGHUP: [libjvm.so+0x30b910], sa_mask[0]=0x7ffbfeff, sa_flags=0x10000004
SIGINT: [libjvm.so+0x30b910], sa_mask[0]=0x7ffbfeff, sa_flags=0x10000004
SIGQUIT: [libjvm.so+0x30b910], sa_mask[0]=0x7ffbfeff, sa_flags=0x10000004
SIGTERM: [libjvm.so+0x30b910], sa_mask[0]=0x7ffbfeff, sa_flags=0x10000004
SIGUSR2: [libjvm.so+0x30bef0], sa_mask[0]=0x00000004, sa_flags=0x10000004


---------------  S Y S T E M  ---------------

OS:lenny/sid

uname:Linux 2.6.22-15-generic #1 SMP Tue Oct 21 23:47:12 GMT 2008 i686
libc:glibc 2.6.1 NPTL 2.6.1 
rlimit: STACK 8192k, CORE 0k, NPROC 6143, NOFILE 1024, AS infinity
load average:0.96 1.11 1.04

CPU:total 1 (1 cores per cpu, 1 threads per core) family 6 model 8 stepping 1, cmov, cx8, fxsr, mmx, sse, mmxext, 3dnow, 3dnowext

Memory: 4k page, physical 775540k(19676k free), swap 3148720k(2987488k free)

vm_info: Java HotSpot(TM) Client VM (1.6.0_03-b05) for linux-x86, built on Sep 24 2007 22:45:46 by "java_re" with gcc 3.2.1-7a (J2SE release)

